[    1635ms] [INFO] %cDownload the React DevTools for a better development experience: https://react.dev/link/react-devtools font-weight:bold @ http://localhost:8081/VAADIN/build/indexhtml-fKkZfT-U.js:66277
[    1932ms] [ERROR] Failed to load resource: the server responded with a status of 404 () @ http://localhost:8081/favicon.ico:0
[   11642ms] [INFO] %cDownload the React DevTools for a better development experience: https://react.dev/link/react-devtools font-weight:bold @ http://localhost:8081/VAADIN/build/indexhtml-fKkZfT-U.js:66277
[12750520ms] [WARNING] Websocket closed, reason: Connection was closed abnormally (that is, with no close frame being sent). - wasClean: false @ http://localhost:8081/VAADIN/static/push/vaadinPush.js:3341
[12757873ms] [ERROR] WebSocket connection to 'ws://localhost:8081/VAADIN/push?v-r=push&debug_window&token=37a96ea3-41de-458f-8999-6cce3c16dcc6&X-Atmosphere-tracking-id=9cc650ff-1505-4fce-aaa7-4ada02b95f00&X-Atmosphere-Framework=4.0.1&X-Atmosphere-Transport=websocket&X-Atmosphere-TrackMessageSize=true&Content-Type=application/json;%20charset=UTF-8&X-atmo-protocol=true' failed: Error in connection establishment: net::ERR_CONNECTION_REFUSED @ http://localhost:8081/VAADIN/static/push/vaadinPush.js:1213
[12757873ms] [WARNING] Websocket closed, reason: Connection was closed abnormally (that is, with no close frame being sent). - wasClean: false @ http://localhost:8081/VAADIN/static/push/vaadinPush.js:3341
[12765244ms] [ERROR] WebSocket connection to 'ws://localhost:8081/VAADIN/push?v-r=push&debug_window&token=37a96ea3-41de-458f-8999-6cce3c16dcc6&X-Atmosphere-tracking-id=9cc650ff-1505-4fce-aaa7-4ada02b95f00&X-Atmosphere-Framework=4.0.1&X-Atmosphere-Transport=websocket&X-Atmosphere-TrackMessageSize=true&Content-Type=application/json;%20charset=UTF-8&X-atmo-protocol=true' failed: Error in connection establishment: net::ERR_CONNECTION_REFUSED @ http://localhost:8081/VAADIN/static/push/vaadinPush.js:1213
[12765244ms] [WARNING] Websocket closed, reason: Connection was closed abnormally (that is, with no close frame being sent). - wasClean: false @ http://localhost:8081/VAADIN/static/push/vaadinPush.js:3341
[12772605ms] [ERROR] WebSocket connection to 'ws://localhost:8081/VAADIN/push?v-r=push&debug_window&token=37a96ea3-41de-458f-8999-6cce3c16dcc6&X-Atmosphere-tracking-id=9cc650ff-1505-4fce-aaa7-4ada02b95f00&X-Atmosphere-Framework=4.0.1&X-Atmosphere-Transport=websocket&X-Atmosphere-TrackMessageSize=true&Content-Type=application/json;%20charset=UTF-8&X-atmo-protocol=true' failed: Error in connection establishment: net::ERR_CONNECTION_REFUSED @ http://localhost:8081/VAADIN/static/push/vaadinPush.js:1213
[12772606ms] [WARNING] Websocket closed, reason: Connection was closed abnormally (that is, with no close frame being sent). - wasClean: false @ http://localhost:8081/VAADIN/static/push/vaadinPush.js:3341
[12779965ms] [ERROR] WebSocket connection to 'ws://localhost:8081/VAADIN/push?v-r=push&debug_window&token=37a96ea3-41de-458f-8999-6cce3c16dcc6&X-Atmosphere-tracking-id=9cc650ff-1505-4fce-aaa7-4ada02b95f00&X-Atmosphere-Framework=4.0.1&X-Atmosphere-Transport=websocket&X-Atmosphere-TrackMessageSize=true&Content-Type=application/json;%20charset=UTF-8&X-atmo-protocol=true' failed: Error in connection establishment: net::ERR_CONNECTION_REFUSED @ http://localhost:8081/VAADIN/static/push/vaadinPush.js:1213
[12779965ms] [WARNING] Websocket closed, reason: Connection was closed abnormally (that is, with no close frame being sent). - wasClean: false @ http://localhost:8081/VAADIN/static/push/vaadinPush.js:3341
[12787333ms] [ERROR] WebSocket connection to 'ws://localhost:8081/VAADIN/push?v-r=push&debug_window&token=37a96ea3-41de-458f-8999-6cce3c16dcc6&X-Atmosphere-tracking-id=9cc650ff-1505-4fce-aaa7-4ada02b95f00&X-Atmosphere-Framework=4.0.1&X-Atmosphere-Transport=websocket&X-Atmosphere-TrackMessageSize=true&Content-Type=application/json;%20charset=UTF-8&X-atmo-protocol=true' failed: Error in connection establishment: net::ERR_CONNECTION_REFUSED @ http://localhost:8081/VAADIN/static/push/vaadinPush.js:1213
[12787333ms] [WARNING] Websocket closed, reason: Connection was closed abnormally (that is, with no close frame being sent). - wasClean: false @ http://localhost:8081/VAADIN/static/push/vaadinPush.js:3341
[12914847ms] [ERROR] Failed to load resource: the server responded with a status of 403 () @ http://localhost:8081/?v-r=heartbeat&v-uiId=1:0
[12914848ms] [WARNING] Heartbeat request returned 403 @ http://localhost:8081/VAADIN/build/FlowClient-sfGnReEW.js:779
[12915214ms] [INFO] %cDownload the React DevTools for a better development experience: https://react.dev/link/react-devtools font-weight:bold @ http://localhost:8081/VAADIN/build/indexhtml-fKkZfT-U.js:66277
[12948147ms] [INFO] %cDownload the React DevTools for a better development experience: https://react.dev/link/react-devtools font-weight:bold @ http://localhost:8081/VAADIN/build/indexhtml-fKkZfT-U.js:66277
[12948727ms] [VERBOSE] [DOM] Password field is not contained in a form: (More info: https://goo.gl/9p2vKq) %o @ http://localhost:8081/login:0
[13662071ms] [WARNING] Websocket closed, reason: Connection was closed abnormally (that is, with no close frame being sent). - wasClean: false @ http://localhost:8081/VAADIN/static/push/vaadinPush.js:3341
[13669450ms] [ERROR] WebSocket connection to 'ws://localhost:8081/VAADIN/push?v-r=push&debug_window&token=37a96ea3-41de-458f-8999-6cce3c16dcc6&X-Atmosphere-tracking-id=170bac2c-7d33-4dad-84ed-06f8f83b8b13&X-Atmosphere-Framework=4.0.1&X-Atmosphere-Transport=websocket&X-Atmosphere-TrackMessageSize=true&Content-Type=application/json;%20charset=UTF-8&X-atmo-protocol=true' failed: Error in connection establishment: net::ERR_CONNECTION_REFUSED @ http://localhost:8081/VAADIN/static/push/vaadinPush.js:1213
[13669450ms] [WARNING] Websocket closed, reason: Connection was closed abnormally (that is, with no close frame being sent). - wasClean: false @ http://localhost:8081/VAADIN/static/push/vaadinPush.js:3341
[13676824ms] [ERROR] WebSocket connection to 'ws://localhost:8081/VAADIN/push?v-r=push&debug_window&token=37a96ea3-41de-458f-8999-6cce3c16dcc6&X-Atmosphere-tracking-id=170bac2c-7d33-4dad-84ed-06f8f83b8b13&X-Atmosphere-Framework=4.0.1&X-Atmosphere-Transport=websocket&X-Atmosphere-TrackMessageSize=true&Content-Type=application/json;%20charset=UTF-8&X-atmo-protocol=true' failed: Error in connection establishment: net::ERR_CONNECTION_REFUSED @ http://localhost:8081/VAADIN/static/push/vaadinPush.js:1213
[13676825ms] [WARNING] Websocket closed, reason: Connection was closed abnormally (that is, with no close frame being sent). - wasClean: false @ http://localhost:8081/VAADIN/static/push/vaadinPush.js:3341
[13684198ms] [ERROR] WebSocket connection to 'ws://localhost:8081/VAADIN/push?v-r=push&debug_window&token=37a96ea3-41de-458f-8999-6cce3c16dcc6&X-Atmosphere-tracking-id=170bac2c-7d33-4dad-84ed-06f8f83b8b13&X-Atmosphere-Framework=4.0.1&X-Atmosphere-Transport=websocket&X-Atmosphere-TrackMessageSize=true&Content-Type=application/json;%20charset=UTF-8&X-atmo-protocol=true' failed: Error in connection establishment: net::ERR_CONNECTION_REFUSED @ http://localhost:8081/VAADIN/static/push/vaadinPush.js:1213
[13684198ms] [WARNING] Websocket closed, reason: Connection was closed abnormally (that is, with no close frame being sent). - wasClean: false @ http://localhost:8081/VAADIN/static/push/vaadinPush.js:3341
[13691576ms] [ERROR] WebSocket connection to 'ws://localhost:8081/VAADIN/push?v-r=push&debug_window&token=37a96ea3-41de-458f-8999-6cce3c16dcc6&X-Atmosphere-tracking-id=170bac2c-7d33-4dad-84ed-06f8f83b8b13&X-Atmosphere-Framework=4.0.1&X-Atmosphere-Transport=websocket&X-Atmosphere-TrackMessageSize=true&Content-Type=application/json;%20charset=UTF-8&X-atmo-protocol=true' failed: Error in connection establishment: net::ERR_CONNECTION_REFUSED @ http://localhost:8081/VAADIN/static/push/vaadinPush.js:1213
[13691576ms] [WARNING] Websocket closed, reason: Connection was closed abnormally (that is, with no close frame being sent). - wasClean: false @ http://localhost:8081/VAADIN/static/push/vaadinPush.js:3341
[13698951ms] [ERROR] WebSocket connection to 'ws://localhost:8081/VAADIN/push?v-r=push&debug_window&token=37a96ea3-41de-458f-8999-6cce3c16dcc6&X-Atmosphere-tracking-id=170bac2c-7d33-4dad-84ed-06f8f83b8b13&X-Atmosphere-Framework=4.0.1&X-Atmosphere-Transport=websocket&X-Atmosphere-TrackMessageSize=true&Content-Type=application/json;%20charset=UTF-8&X-atmo-protocol=true' failed: Error in connection establishment: net::ERR_CONNECTION_REFUSED @ http://localhost:8081/VAADIN/static/push/vaadinPush.js:1213
[13698951ms] [WARNING] Websocket closed, reason: Connection was closed abnormally (that is, with no close frame being sent). - wasClean: false @ http://localhost:8081/VAADIN/static/push/vaadinPush.js:3341
